Determining if the pthread_create exist failed with the following output:
Change Dir: /home/cmartin/dev/third_party/rez-packages/yaml_cpp/0.6.2/build/platform-linux/arch-x86_64/os-CentOS-7/yaml_cpp/src/yaml_cpp/CMakeFiles/CMakeTmp

Run Build Command:"/usr/bin/gmake" "cmTC_7e0cc/fast"
gmake[3]: Entering directory `/home/cmartin/dev/third_party/rez-packages/yaml_cpp/0.6.2/build/platform-linux/arch-x86_64/os-CentOS-7/yaml_cpp/src/yaml_cpp/CMakeFiles/CMakeTmp'
/usr/bin/gmake -f CMakeFiles/cmTC_7e0cc.dir/build.make CMakeFiles/cmTC_7e0cc.dir/build
gmake[4]: Entering directory `/home/cmartin/dev/third_party/rez-packages/yaml_cpp/0.6.2/build/platform-linux/arch-x86_64/os-CentOS-7/yaml_cpp/src/yaml_cpp/CMakeFiles/CMakeTmp'
Building C object CMakeFiles/cmTC_7e0cc.dir/CheckSymbolExists.c.o
/usr/bin/gcc    -o CMakeFiles/cmTC_7e0cc.dir/CheckSymbolExists.c.o   -c /home/cmartin/dev/third_party/rez-packages/yaml_cpp/0.6.2/build/platform-linux/arch-x86_64/os-CentOS-7/yaml_cpp/src/yaml_cpp/CMakeFiles/CMakeTmp/CheckSymbolExists.c
Linking C executable cmTC_7e0cc
/home/cmartin/packages/cmake/3.10.0/platform-linux/arch-x86_64/os-CentOS-7/bin/cmake -E cmake_link_script CMakeFiles/cmTC_7e0cc.dir/link.txt --verbose=1
/usr/bin/gcc      -rdynamic CMakeFiles/cmTC_7e0cc.dir/CheckSymbolExists.c.o  -o cmTC_7e0cc 
CMakeFiles/cmTC_7e0cc.dir/CheckSymbolExists.c.o: In function `main':
CheckSymbolExists.c:(.text+0x16): undefined reference to `pthread_create'
collect2: error: ld returned 1 exit status
gmake[4]: *** [cmTC_7e0cc] Error 1
gmake[4]: Leaving directory `/home/cmartin/dev/third_party/rez-packages/yaml_cpp/0.6.2/build/platform-linux/arch-x86_64/os-CentOS-7/yaml_cpp/src/yaml_cpp/CMakeFiles/CMakeTmp'
gmake[3]: *** [cmTC_7e0cc/fast] Error 2
gmake[3]: Leaving directory `/home/cmartin/dev/third_party/rez-packages/yaml_cpp/0.6.2/build/platform-linux/arch-x86_64/os-CentOS-7/yaml_cpp/src/yaml_cpp/CMakeFiles/CMakeTmp'

File /home/cmartin/dev/third_party/rez-packages/yaml_cpp/0.6.2/build/platform-linux/arch-x86_64/os-CentOS-7/yaml_cpp/src/yaml_cpp/CMakeFiles/CMakeTmp/CheckSymbolExists.c:
/* */
#include <pthread.h>

int main(int argc, char** argv)
{
  (void)argv;
#ifndef pthread_create
  return ((int*)(&pthread_create))[argc];
#else
  (void)argc;
  return 0;
#endif
}

Determining if the function pthread_create exists in the pthreads failed with the following output:
Change Dir: /home/cmartin/dev/third_party/rez-packages/yaml_cpp/0.6.2/build/platform-linux/arch-x86_64/os-CentOS-7/yaml_cpp/src/yaml_cpp/CMakeFiles/CMakeTmp

Run Build Command:"/usr/bin/gmake" "cmTC_efde0/fast"
gmake[3]: Entering directory `/home/cmartin/dev/third_party/rez-packages/yaml_cpp/0.6.2/build/platform-linux/arch-x86_64/os-CentOS-7/yaml_cpp/src/yaml_cpp/CMakeFiles/CMakeTmp'
/usr/bin/gmake -f CMakeFiles/cmTC_efde0.dir/build.make CMakeFiles/cmTC_efde0.dir/build
gmake[4]: Entering directory `/home/cmartin/dev/third_party/rez-packages/yaml_cpp/0.6.2/build/platform-linux/arch-x86_64/os-CentOS-7/yaml_cpp/src/yaml_cpp/CMakeFiles/CMakeTmp'
Building C object CMakeFiles/cmTC_efde0.dir/CheckFunctionExists.c.o
/usr/bin/gcc   -DCHECK_FUNCTION_EXISTS=pthread_create   -o CMakeFiles/cmTC_efde0.dir/CheckFunctionExists.c.o   -c /home/cmartin/packages/cmake/3.10.0/platform-linux/arch-x86_64/os-CentOS-7/share/cmake-3.10/Modules/CheckFunctionExists.c
Linking C executable cmTC_efde0
/home/cmartin/packages/cmake/3.10.0/platform-linux/arch-x86_64/os-CentOS-7/bin/cmake -E cmake_link_script CMakeFiles/cmTC_efde0.dir/link.txt --verbose=1
/usr/bin/gcc  -DCHECK_FUNCTION_EXISTS=pthread_create    -rdynamic CMakeFiles/cmTC_efde0.dir/CheckFunctionExists.c.o  -o cmTC_efde0 -lpthreads 
/usr/bin/ld: cannot find -lpthreads
collect2: error: ld returned 1 exit status
gmake[4]: *** [cmTC_efde0] Error 1
gmake[4]: Leaving directory `/home/cmartin/dev/third_party/rez-packages/yaml_cpp/0.6.2/build/platform-linux/arch-x86_64/os-CentOS-7/yaml_cpp/src/yaml_cpp/CMakeFiles/CMakeTmp'
gmake[3]: *** [cmTC_efde0/fast] Error 2
gmake[3]: Leaving directory `/home/cmartin/dev/third_party/rez-packages/yaml_cpp/0.6.2/build/platform-linux/arch-x86_64/os-CentOS-7/yaml_cpp/src/yaml_cpp/CMakeFiles/CMakeTmp'


