The system is: Linux - 3.10.0-514.2.2.el7.x86_64 - x86_64
Compiling the C compiler identification source file "CMakeCCompilerId.c" succeeded.
Compiler: /usr/bin/gcc 
Build flags: 
Id flags:  

The output was:
0


Compilation of the C compiler identification source "CMakeCCompilerId.c" produced "a.out"

The C compiler identification is GNU, found in "/home/cmartin/dev/third_party/rez-packages/yaml_cpp/0.5.3/build/platform-linux/arch-x86_64/os-CentOS-7/yaml_cpp/src/yaml_cpp/CMakeFiles/3.10.0/CompilerIdC/a.out"

Compiling the CXX compiler identification source file "CMakeCXXCompilerId.cpp" succeeded.
Compiler: /usr/bin/g++ 
Build flags: 
Id flags:  

The output was:
0


Compilation of the CXX compiler identification source "CMakeCXXCompilerId.cpp" produced "a.out"

The CXX compiler identification is GNU, found in "/home/cmartin/dev/third_party/rez-packages/yaml_cpp/0.5.3/build/platform-linux/arch-x86_64/os-CentOS-7/yaml_cpp/src/yaml_cpp/CMakeFiles/3.10.0/CompilerIdCXX/a.out"

Determining if the C compiler works passed with the following output:
Change Dir: /home/cmartin/dev/third_party/rez-packages/yaml_cpp/0.5.3/build/platform-linux/arch-x86_64/os-CentOS-7/yaml_cpp/src/yaml_cpp/CMakeFiles/CMakeTmp

Run Build Command:"/usr/bin/gmake" "cmTC_4ebc8/fast"
gmake[3]: Entering directory `/home/cmartin/dev/third_party/rez-packages/yaml_cpp/0.5.3/build/platform-linux/arch-x86_64/os-CentOS-7/yaml_cpp/src/yaml_cpp/CMakeFiles/CMakeTmp'
/usr/bin/gmake -f CMakeFiles/cmTC_4ebc8.dir/build.make CMakeFiles/cmTC_4ebc8.dir/build
gmake[4]: Entering directory `/home/cmartin/dev/third_party/rez-packages/yaml_cpp/0.5.3/build/platform-linux/arch-x86_64/os-CentOS-7/yaml_cpp/src/yaml_cpp/CMakeFiles/CMakeTmp'
Building C object CMakeFiles/cmTC_4ebc8.dir/testCCompiler.c.o
/usr/bin/gcc    -o CMakeFiles/cmTC_4ebc8.dir/testCCompiler.c.o   -c /home/cmartin/dev/third_party/rez-packages/yaml_cpp/0.5.3/build/platform-linux/arch-x86_64/os-CentOS-7/yaml_cpp/src/yaml_cpp/CMakeFiles/CMakeTmp/testCCompiler.c
Linking C executable cmTC_4ebc8
/home/cmartin/packages/cmake/3.10.0/platform-linux/arch-x86_64/os-CentOS-7/bin/cmake -E cmake_link_script CMakeFiles/cmTC_4ebc8.dir/link.txt --verbose=1
/usr/bin/gcc      -rdynamic CMakeFiles/cmTC_4ebc8.dir/testCCompiler.c.o  -o cmTC_4ebc8 
gmake[4]: Leaving directory `/home/cmartin/dev/third_party/rez-packages/yaml_cpp/0.5.3/build/platform-linux/arch-x86_64/os-CentOS-7/yaml_cpp/src/yaml_cpp/CMakeFiles/CMakeTmp'
gmake[3]: Leaving directory `/home/cmartin/dev/third_party/rez-packages/yaml_cpp/0.5.3/build/platform-linux/arch-x86_64/os-CentOS-7/yaml_cpp/src/yaml_cpp/CMakeFiles/CMakeTmp'


Detecting C compiler ABI info compiled with the following output:
Change Dir: /home/cmartin/dev/third_party/rez-packages/yaml_cpp/0.5.3/build/platform-linux/arch-x86_64/os-CentOS-7/yaml_cpp/src/yaml_cpp/CMakeFiles/CMakeTmp

Run Build Command:"/usr/bin/gmake" "cmTC_1b2ba/fast"
gmake[3]: Entering directory `/home/cmartin/dev/third_party/rez-packages/yaml_cpp/0.5.3/build/platform-linux/arch-x86_64/os-CentOS-7/yaml_cpp/src/yaml_cpp/CMakeFiles/CMakeTmp'
/usr/bin/gmake -f CMakeFiles/cmTC_1b2ba.dir/build.make CMakeFiles/cmTC_1b2ba.dir/build
gmake[4]: Entering directory `/home/cmartin/dev/third_party/rez-packages/yaml_cpp/0.5.3/build/platform-linux/arch-x86_64/os-CentOS-7/yaml_cpp/src/yaml_cpp/CMakeFiles/CMakeTmp'
Building C object CMakeFiles/cmTC_1b2ba.dir/CMakeCCompilerABI.c.o
/usr/bin/gcc    -o CMakeFiles/cmTC_1b2ba.dir/CMakeCCompilerABI.c.o   -c /home/cmartin/packages/cmake/3.10.0/platform-linux/arch-x86_64/os-CentOS-7/share/cmake-3.10/Modules/CMakeCCompilerABI.c
Linking C executable cmTC_1b2ba
/home/cmartin/packages/cmake/3.10.0/platform-linux/arch-x86_64/os-CentOS-7/bin/cmake -E cmake_link_script CMakeFiles/cmTC_1b2ba.dir/link.txt --verbose=1
/usr/bin/gcc     -v -rdynamic CMakeFiles/cmTC_1b2ba.dir/CMakeCCompilerABI.c.o  -o cmTC_1b2ba 
Using built-in specs.
COLLECT_GCC=/usr/bin/gcc
COLLECT_LTO_WRAPPER=/usr/libexec/gcc/x86_64-redhat-linux/4.8.5/lto-wrapper
Target: x86_64-redhat-linux
Configured with: ../configure --prefix=/usr --mandir=/usr/share/man --infodir=/usr/share/info --with-bugurl=http://bugzilla.redhat.com/bugzilla --enable-bootstrap --enable-shared --enable-threads=posix --enable-checking=release --with-system-zlib --enable-__cxa_atexit --disable-libunwind-exceptions --enable-gnu-unique-object --enable-linker-build-id --with-linker-hash-style=gnu --enable-languages=c,c++,objc,obj-c++,java,fortran,ada,go,lto --enable-plugin --enable-initfini-array --disable-libgcj --with-isl=/builddir/build/BUILD/gcc-4.8.5-20150702/obj-x86_64-redhat-linux/isl-install --with-cloog=/builddir/build/BUILD/gcc-4.8.5-20150702/obj-x86_64-redhat-linux/cloog-install --enable-gnu-indirect-function --with-tune=generic --with-arch_32=x86-64 --build=x86_64-redhat-linux
Thread model: posix
gcc version 4.8.5 20150623 (Red Hat 4.8.5-11) (GCC) 
COMPILER_PATH=/usr/libexec/gcc/x86_64-redhat-linux/4.8.5/:/usr/libexec/gcc/x86_64-redhat-linux/4.8.5/:/usr/libexec/gcc/x86_64-redhat-linux/:/usr/lib/gcc/x86_64-redhat-linux/4.8.5/:/usr/lib/gcc/x86_64-redhat-linux/
LIBRARY_PATH=/usr/lib/gcc/x86_64-redhat-linux/4.8.5/:/usr/lib/gcc/x86_64-redhat-linux/4.8.5/../../../../lib64/:/lib/../lib64/:/usr/lib/../lib64/:/usr/lib/gcc/x86_64-redhat-linux/4.8.5/../../../:/lib/:/usr/lib/
COLLECT_GCC_OPTIONS='-v' '-rdynamic' '-o' 'cmTC_1b2ba' '-mtune=generic' '-march=x86-64'
 /usr/libexec/gcc/x86_64-redhat-linux/4.8.5/collect2 --build-id --no-add-needed --eh-frame-hdr --hash-style=gnu -m elf_x86_64 -export-dynamic -dynamic-linker /lib64/ld-linux-x86-64.so.2 -o cmTC_1b2ba /usr/lib/gcc/x86_64-redhat-linux/4.8.5/../../../../lib64/crt1.o /usr/lib/gcc/x86_64-redhat-linux/4.8.5/../../../../lib64/crti.o /usr/lib/gcc/x86_64-redhat-linux/4.8.5/crtbegin.o -L/usr/lib/gcc/x86_64-redhat-linux/4.8.5 -L/usr/lib/gcc/x86_64-redhat-linux/4.8.5/../../../../lib64 -L/lib/../lib64 -L/usr/lib/../lib64 -L/usr/lib/gcc/x86_64-redhat-linux/4.8.5/../../.. CMakeFiles/cmTC_1b2ba.dir/CMakeCCompilerABI.c.o -lgcc --as-needed -lgcc_s --no-as-needed -lc -lgcc --as-needed -lgcc_s --no-as-needed /usr/lib/gcc/x86_64-redhat-linux/4.8.5/crtend.o /usr/lib/gcc/x86_64-redhat-linux/4.8.5/../../../../lib64/crtn.o
gmake[4]: Leaving directory `/home/cmartin/dev/third_party/rez-packages/yaml_cpp/0.5.3/build/platform-linux/arch-x86_64/os-CentOS-7/yaml_cpp/src/yaml_cpp/CMakeFiles/CMakeTmp'
gmake[3]: Leaving directory `/home/cmartin/dev/third_party/rez-packages/yaml_cpp/0.5.3/build/platform-linux/arch-x86_64/os-CentOS-7/yaml_cpp/src/yaml_cpp/CMakeFiles/CMakeTmp'


Parsed C implicit link information from above output:
  link line regex: [^( *|.*[/\])(ld|CMAKE_LINK_STARTFILE-NOTFOUND|([^/\]+-)?ld|collect2)[^/\]*( |$)]
  ignore line: [Change Dir: /home/cmartin/dev/third_party/rez-packages/yaml_cpp/0.5.3/build/platform-linux/arch-x86_64/os-CentOS-7/yaml_cpp/src/yaml_cpp/CMakeFiles/CMakeTmp]
  ignore line: []
  ignore line: [Run Build Command:"/usr/bin/gmake" "cmTC_1b2ba/fast"]
  ignore line: [gmake[3]: Entering directory `/home/cmartin/dev/third_party/rez-packages/yaml_cpp/0.5.3/build/platform-linux/arch-x86_64/os-CentOS-7/yaml_cpp/src/yaml_cpp/CMakeFiles/CMakeTmp']
  ignore line: [/usr/bin/gmake -f CMakeFiles/cmTC_1b2ba.dir/build.make CMakeFiles/cmTC_1b2ba.dir/build]
  ignore line: [gmake[4]: Entering directory `/home/cmartin/dev/third_party/rez-packages/yaml_cpp/0.5.3/build/platform-linux/arch-x86_64/os-CentOS-7/yaml_cpp/src/yaml_cpp/CMakeFiles/CMakeTmp']
  ignore line: [Building C object CMakeFiles/cmTC_1b2ba.dir/CMakeCCompilerABI.c.o]
  ignore line: [/usr/bin/gcc    -o CMakeFiles/cmTC_1b2ba.dir/CMakeCCompilerABI.c.o   -c /home/cmartin/packages/cmake/3.10.0/platform-linux/arch-x86_64/os-CentOS-7/share/cmake-3.10/Modules/CMakeCCompilerABI.c]
  ignore line: [Linking C executable cmTC_1b2ba]
  ignore line: [/home/cmartin/packages/cmake/3.10.0/platform-linux/arch-x86_64/os-CentOS-7/bin/cmake -E cmake_link_script CMakeFiles/cmTC_1b2ba.dir/link.txt --verbose=1]
  ignore line: [/usr/bin/gcc     -v -rdynamic CMakeFiles/cmTC_1b2ba.dir/CMakeCCompilerABI.c.o  -o cmTC_1b2ba ]
  ignore line: [Using built-in specs.]
  ignore line: [COLLECT_GCC=/usr/bin/gcc]
  ignore line: [COLLECT_LTO_WRAPPER=/usr/libexec/gcc/x86_64-redhat-linux/4.8.5/lto-wrapper]
  ignore line: [Target: x86_64-redhat-linux]
  ignore line: [Configured with: ../configure --prefix=/usr --mandir=/usr/share/man --infodir=/usr/share/info --with-bugurl=http://bugzilla.redhat.com/bugzilla --enable-bootstrap --enable-shared --enable-threads=posix --enable-checking=release --with-system-zlib --enable-__cxa_atexit --disable-libunwind-exceptions --enable-gnu-unique-object --enable-linker-build-id --with-linker-hash-style=gnu --enable-languages=c,c++,objc,obj-c++,java,fortran,ada,go,lto --enable-plugin --enable-initfini-array --disable-libgcj --with-isl=/builddir/build/BUILD/gcc-4.8.5-20150702/obj-x86_64-redhat-linux/isl-install --with-cloog=/builddir/build/BUILD/gcc-4.8.5-20150702/obj-x86_64-redhat-linux/cloog-install --enable-gnu-indirect-function --with-tune=generic --with-arch_32=x86-64 --build=x86_64-redhat-linux]
  ignore line: [Thread model: posix]
  ignore line: [gcc version 4.8.5 20150623 (Red Hat 4.8.5-11) (GCC) ]
  ignore line: [COMPILER_PATH=/usr/libexec/gcc/x86_64-redhat-linux/4.8.5/:/usr/libexec/gcc/x86_64-redhat-linux/4.8.5/:/usr/libexec/gcc/x86_64-redhat-linux/:/usr/lib/gcc/x86_64-redhat-linux/4.8.5/:/usr/lib/gcc/x86_64-redhat-linux/]
  ignore line: [LIBRARY_PATH=/usr/lib/gcc/x86_64-redhat-linux/4.8.5/:/usr/lib/gcc/x86_64-redhat-linux/4.8.5/../../../../lib64/:/lib/../lib64/:/usr/lib/../lib64/:/usr/lib/gcc/x86_64-redhat-linux/4.8.5/../../../:/lib/:/usr/lib/]
  ignore line: [COLLECT_GCC_OPTIONS='-v' '-rdynamic' '-o' 'cmTC_1b2ba' '-mtune=generic' '-march=x86-64']
  link line: [ /usr/libexec/gcc/x86_64-redhat-linux/4.8.5/collect2 --build-id --no-add-needed --eh-frame-hdr --hash-style=gnu -m elf_x86_64 -export-dynamic -dynamic-linker /lib64/ld-linux-x86-64.so.2 -o cmTC_1b2ba /usr/lib/gcc/x86_64-redhat-linux/4.8.5/../../../../lib64/crt1.o /usr/lib/gcc/x86_64-redhat-linux/4.8.5/../../../../lib64/crti.o /usr/lib/gcc/x86_64-redhat-linux/4.8.5/crtbegin.o -L/usr/lib/gcc/x86_64-redhat-linux/4.8.5 -L/usr/lib/gcc/x86_64-redhat-linux/4.8.5/../../../../lib64 -L/lib/../lib64 -L/usr/lib/../lib64 -L/usr/lib/gcc/x86_64-redhat-linux/4.8.5/../../.. CMakeFiles/cmTC_1b2ba.dir/CMakeCCompilerABI.c.o -lgcc --as-needed -lgcc_s --no-as-needed -lc -lgcc --as-needed -lgcc_s --no-as-needed /usr/lib/gcc/x86_64-redhat-linux/4.8.5/crtend.o /usr/lib/gcc/x86_64-redhat-linux/4.8.5/../../../../lib64/crtn.o]
    arg [/usr/libexec/gcc/x86_64-redhat-linux/4.8.5/collect2] ==> ignore
    arg [--build-id] ==> ignore
    arg [--no-add-needed] ==> ignore
    arg [--eh-frame-hdr] ==> ignore
    arg [--hash-style=gnu] ==> ignore
    arg [-m] ==> ignore
    arg [elf_x86_64] ==> ignore
    arg [-export-dynamic] ==> ignore
    arg [-dynamic-linker] ==> ignore
    arg [/lib64/ld-linux-x86-64.so.2] ==> ignore
    arg [-o] ==> ignore
    arg [cmTC_1b2ba] ==> ignore
    arg [/usr/lib/gcc/x86_64-redhat-linux/4.8.5/../../../../lib64/crt1.o] ==> ignore
    arg [/usr/lib/gcc/x86_64-redhat-linux/4.8.5/../../../../lib64/crti.o] ==> ignore
    arg [/usr/lib/gcc/x86_64-redhat-linux/4.8.5/crtbegin.o] ==> ignore
    arg [-L/usr/lib/gcc/x86_64-redhat-linux/4.8.5] ==> dir [/usr/lib/gcc/x86_64-redhat-linux/4.8.5]
    arg [-L/usr/lib/gcc/x86_64-redhat-linux/4.8.5/../../../../lib64] ==> dir [/usr/lib/gcc/x86_64-redhat-linux/4.8.5/../../../../lib64]
    arg [-L/lib/../lib64] ==> dir [/lib/../lib64]
    arg [-L/usr/lib/../lib64] ==> dir [/usr/lib/../lib64]
    arg [-L/usr/lib/gcc/x86_64-redhat-linux/4.8.5/../../..] ==> dir [/usr/lib/gcc/x86_64-redhat-linux/4.8.5/../../..]
    arg [CMakeFiles/cmTC_1b2ba.dir/CMakeCCompilerABI.c.o] ==> ignore
    arg [-lgcc] ==> lib [gcc]
    arg [--as-needed] ==> ignore
    arg [-lgcc_s] ==> lib [gcc_s]
    arg [--no-as-needed] ==> ignore
    arg [-lc] ==> lib [c]
    arg [-lgcc] ==> lib [gcc]
    arg [--as-needed] ==> ignore
    arg [-lgcc_s] ==> lib [gcc_s]
    arg [--no-as-needed] ==> ignore
    arg [/usr/lib/gcc/x86_64-redhat-linux/4.8.5/crtend.o] ==> ignore
    arg [/usr/lib/gcc/x86_64-redhat-linux/4.8.5/../../../../lib64/crtn.o] ==> ignore
  collapse library dir [/usr/lib/gcc/x86_64-redhat-linux/4.8.5] ==> [/usr/lib/gcc/x86_64-redhat-linux/4.8.5]
  collapse library dir [/usr/lib/gcc/x86_64-redhat-linux/4.8.5/../../../../lib64] ==> [/usr/lib64]
  collapse library dir [/lib/../lib64] ==> [/lib64]
  collapse library dir [/usr/lib/../lib64] ==> [/usr/lib64]
  collapse library dir [/usr/lib/gcc/x86_64-redhat-linux/4.8.5/../../..] ==> [/usr/lib]
  implicit libs: [gcc;gcc_s;c;gcc;gcc_s]
  implicit dirs: [/usr/lib/gcc/x86_64-redhat-linux/4.8.5;/usr/lib64;/lib64;/usr/lib]
  implicit fwks: []




Detecting C [-std=c11] compiler features compiled with the following output:
Change Dir: /home/cmartin/dev/third_party/rez-packages/yaml_cpp/0.5.3/build/platform-linux/arch-x86_64/os-CentOS-7/yaml_cpp/src/yaml_cpp/CMakeFiles/CMakeTmp

Run Build Command:"/usr/bin/gmake" "cmTC_8a259/fast"
gmake[3]: Entering directory `/home/cmartin/dev/third_party/rez-packages/yaml_cpp/0.5.3/build/platform-linux/arch-x86_64/os-CentOS-7/yaml_cpp/src/yaml_cpp/CMakeFiles/CMakeTmp'
/usr/bin/gmake -f CMakeFiles/cmTC_8a259.dir/build.make CMakeFiles/cmTC_8a259.dir/build
gmake[4]: Entering directory `/home/cmartin/dev/third_party/rez-packages/yaml_cpp/0.5.3/build/platform-linux/arch-x86_64/os-CentOS-7/yaml_cpp/src/yaml_cpp/CMakeFiles/CMakeTmp'
Building C object CMakeFiles/cmTC_8a259.dir/feature_tests.c.o
/usr/bin/gcc   -std=c11 -o CMakeFiles/cmTC_8a259.dir/feature_tests.c.o   -c /home/cmartin/dev/third_party/rez-packages/yaml_cpp/0.5.3/build/platform-linux/arch-x86_64/os-CentOS-7/yaml_cpp/src/yaml_cpp/CMakeFiles/feature_tests.c
Linking C executable cmTC_8a259
/home/cmartin/packages/cmake/3.10.0/platform-linux/arch-x86_64/os-CentOS-7/bin/cmake -E cmake_link_script CMakeFiles/cmTC_8a259.dir/link.txt --verbose=1
/usr/bin/gcc      -rdynamic CMakeFiles/cmTC_8a259.dir/feature_tests.c.o  -o cmTC_8a259 
gmake[4]: Leaving directory `/home/cmartin/dev/third_party/rez-packages/yaml_cpp/0.5.3/build/platform-linux/arch-x86_64/os-CentOS-7/yaml_cpp/src/yaml_cpp/CMakeFiles/CMakeTmp'
gmake[3]: Leaving directory `/home/cmartin/dev/third_party/rez-packages/yaml_cpp/0.5.3/build/platform-linux/arch-x86_64/os-CentOS-7/yaml_cpp/src/yaml_cpp/CMakeFiles/CMakeTmp'


    Feature record: C_FEATURE:1c_function_prototypes
    Feature record: C_FEATURE:1c_restrict
    Feature record: C_FEATURE:1c_static_assert
    Feature record: C_FEATURE:1c_variadic_macros


Detecting C [-std=c99] compiler features compiled with the following output:
Change Dir: /home/cmartin/dev/third_party/rez-packages/yaml_cpp/0.5.3/build/platform-linux/arch-x86_64/os-CentOS-7/yaml_cpp/src/yaml_cpp/CMakeFiles/CMakeTmp

Run Build Command:"/usr/bin/gmake" "cmTC_98d07/fast"
gmake[3]: Entering directory `/home/cmartin/dev/third_party/rez-packages/yaml_cpp/0.5.3/build/platform-linux/arch-x86_64/os-CentOS-7/yaml_cpp/src/yaml_cpp/CMakeFiles/CMakeTmp'
/usr/bin/gmake -f CMakeFiles/cmTC_98d07.dir/build.make CMakeFiles/cmTC_98d07.dir/build
gmake[4]: Entering directory `/home/cmartin/dev/third_party/rez-packages/yaml_cpp/0.5.3/build/platform-linux/arch-x86_64/os-CentOS-7/yaml_cpp/src/yaml_cpp/CMakeFiles/CMakeTmp'
Building C object CMakeFiles/cmTC_98d07.dir/feature_tests.c.o
/usr/bin/gcc   -std=c99 -o CMakeFiles/cmTC_98d07.dir/feature_tests.c.o   -c /home/cmartin/dev/third_party/rez-packages/yaml_cpp/0.5.3/build/platform-linux/arch-x86_64/os-CentOS-7/yaml_cpp/src/yaml_cpp/CMakeFiles/feature_tests.c
Linking C executable cmTC_98d07
/home/cmartin/packages/cmake/3.10.0/platform-linux/arch-x86_64/os-CentOS-7/bin/cmake -E cmake_link_script CMakeFiles/cmTC_98d07.dir/link.txt --verbose=1
/usr/bin/gcc      -rdynamic CMakeFiles/cmTC_98d07.dir/feature_tests.c.o  -o cmTC_98d07 
gmake[4]: Leaving directory `/home/cmartin/dev/third_party/rez-packages/yaml_cpp/0.5.3/build/platform-linux/arch-x86_64/os-CentOS-7/yaml_cpp/src/yaml_cpp/CMakeFiles/CMakeTmp'
gmake[3]: Leaving directory `/home/cmartin/dev/third_party/rez-packages/yaml_cpp/0.5.3/build/platform-linux/arch-x86_64/os-CentOS-7/yaml_cpp/src/yaml_cpp/CMakeFiles/CMakeTmp'


    Feature record: C_FEATURE:1c_function_prototypes
    Feature record: C_FEATURE:1c_restrict
    Feature record: C_FEATURE:0c_static_assert
    Feature record: C_FEATURE:1c_variadic_macros


Detecting C [-std=c90] compiler features compiled with the following output:
Change Dir: /home/cmartin/dev/third_party/rez-packages/yaml_cpp/0.5.3/build/platform-linux/arch-x86_64/os-CentOS-7/yaml_cpp/src/yaml_cpp/CMakeFiles/CMakeTmp

Run Build Command:"/usr/bin/gmake" "cmTC_7dd44/fast"
gmake[3]: Entering directory `/home/cmartin/dev/third_party/rez-packages/yaml_cpp/0.5.3/build/platform-linux/arch-x86_64/os-CentOS-7/yaml_cpp/src/yaml_cpp/CMakeFiles/CMakeTmp'
/usr/bin/gmake -f CMakeFiles/cmTC_7dd44.dir/build.make CMakeFiles/cmTC_7dd44.dir/build
gmake[4]: Entering directory `/home/cmartin/dev/third_party/rez-packages/yaml_cpp/0.5.3/build/platform-linux/arch-x86_64/os-CentOS-7/yaml_cpp/src/yaml_cpp/CMakeFiles/CMakeTmp'
Building C object CMakeFiles/cmTC_7dd44.dir/feature_tests.c.o
/usr/bin/gcc   -std=c90 -o CMakeFiles/cmTC_7dd44.dir/feature_tests.c.o   -c /home/cmartin/dev/third_party/rez-packages/yaml_cpp/0.5.3/build/platform-linux/arch-x86_64/os-CentOS-7/yaml_cpp/src/yaml_cpp/CMakeFiles/feature_tests.c
Linking C executable cmTC_7dd44
/home/cmartin/packages/cmake/3.10.0/platform-linux/arch-x86_64/os-CentOS-7/bin/cmake -E cmake_link_script CMakeFiles/cmTC_7dd44.dir/link.txt --verbose=1
/usr/bin/gcc      -rdynamic CMakeFiles/cmTC_7dd44.dir/feature_tests.c.o  -o cmTC_7dd44 
gmake[4]: Leaving directory `/home/cmartin/dev/third_party/rez-packages/yaml_cpp/0.5.3/build/platform-linux/arch-x86_64/os-CentOS-7/yaml_cpp/src/yaml_cpp/CMakeFiles/CMakeTmp'
gmake[3]: Leaving directory `/home/cmartin/dev/third_party/rez-packages/yaml_cpp/0.5.3/build/platform-linux/arch-x86_64/os-CentOS-7/yaml_cpp/src/yaml_cpp/CMakeFiles/CMakeTmp'


    Feature record: C_FEATURE:1c_function_prototypes
    Feature record: C_FEATURE:0c_restrict
    Feature record: C_FEATURE:0c_static_assert
    Feature record: C_FEATURE:0c_variadic_macros
Determining if the CXX compiler works passed with the following output:
Change Dir: /home/cmartin/dev/third_party/rez-packages/yaml_cpp/0.5.3/build/platform-linux/arch-x86_64/os-CentOS-7/yaml_cpp/src/yaml_cpp/CMakeFiles/CMakeTmp

Run Build Command:"/usr/bin/gmake" "cmTC_ba733/fast"
gmake[3]: Entering directory `/home/cmartin/dev/third_party/rez-packages/yaml_cpp/0.5.3/build/platform-linux/arch-x86_64/os-CentOS-7/yaml_cpp/src/yaml_cpp/CMakeFiles/CMakeTmp'
/usr/bin/gmake -f CMakeFiles/cmTC_ba733.dir/build.make CMakeFiles/cmTC_ba733.dir/build
gmake[4]: Entering directory `/home/cmartin/dev/third_party/rez-packages/yaml_cpp/0.5.3/build/platform-linux/arch-x86_64/os-CentOS-7/yaml_cpp/src/yaml_cpp/CMakeFiles/CMakeTmp'
Building CXX object CMakeFiles/cmTC_ba733.dir/testCXXCompiler.cxx.o
/usr/bin/g++     -o CMakeFiles/cmTC_ba733.dir/testCXXCompiler.cxx.o -c /home/cmartin/dev/third_party/rez-packages/yaml_cpp/0.5.3/build/platform-linux/arch-x86_64/os-CentOS-7/yaml_cpp/src/yaml_cpp/CMakeFiles/CMakeTmp/testCXXCompiler.cxx
Linking CXX executable cmTC_ba733
/home/cmartin/packages/cmake/3.10.0/platform-linux/arch-x86_64/os-CentOS-7/bin/cmake -E cmake_link_script CMakeFiles/cmTC_ba733.dir/link.txt --verbose=1
/usr/bin/g++       -rdynamic CMakeFiles/cmTC_ba733.dir/testCXXCompiler.cxx.o  -o cmTC_ba733 
gmake[4]: Leaving directory `/home/cmartin/dev/third_party/rez-packages/yaml_cpp/0.5.3/build/platform-linux/arch-x86_64/os-CentOS-7/yaml_cpp/src/yaml_cpp/CMakeFiles/CMakeTmp'
gmake[3]: Leaving directory `/home/cmartin/dev/third_party/rez-packages/yaml_cpp/0.5.3/build/platform-linux/arch-x86_64/os-CentOS-7/yaml_cpp/src/yaml_cpp/CMakeFiles/CMakeTmp'


Detecting CXX compiler ABI info compiled with the following output:
Change Dir: /home/cmartin/dev/third_party/rez-packages/yaml_cpp/0.5.3/build/platform-linux/arch-x86_64/os-CentOS-7/yaml_cpp/src/yaml_cpp/CMakeFiles/CMakeTmp

Run Build Command:"/usr/bin/gmake" "cmTC_a9d02/fast"
gmake[3]: Entering directory `/home/cmartin/dev/third_party/rez-packages/yaml_cpp/0.5.3/build/platform-linux/arch-x86_64/os-CentOS-7/yaml_cpp/src/yaml_cpp/CMakeFiles/CMakeTmp'
/usr/bin/gmake -f CMakeFiles/cmTC_a9d02.dir/build.make CMakeFiles/cmTC_a9d02.dir/build
gmake[4]: Entering directory `/home/cmartin/dev/third_party/rez-packages/yaml_cpp/0.5.3/build/platform-linux/arch-x86_64/os-CentOS-7/yaml_cpp/src/yaml_cpp/CMakeFiles/CMakeTmp'
Building CXX object CMakeFiles/cmTC_a9d02.dir/CMakeCXXCompilerABI.cpp.o
/usr/bin/g++     -o CMakeFiles/cmTC_a9d02.dir/CMakeCXXCompilerABI.cpp.o -c /home/cmartin/packages/cmake/3.10.0/platform-linux/arch-x86_64/os-CentOS-7/share/cmake-3.10/Modules/CMakeCXXCompilerABI.cpp
Linking CXX executable cmTC_a9d02
/home/cmartin/packages/cmake/3.10.0/platform-linux/arch-x86_64/os-CentOS-7/bin/cmake -E cmake_link_script CMakeFiles/cmTC_a9d02.dir/link.txt --verbose=1
/usr/bin/g++      -v -rdynamic CMakeFiles/cmTC_a9d02.dir/CMakeCXXCompilerABI.cpp.o  -o cmTC_a9d02 
Using built-in specs.
COLLECT_GCC=/usr/bin/g++
COLLECT_LTO_WRAPPER=/usr/libexec/gcc/x86_64-redhat-linux/4.8.5/lto-wrapper
Target: x86_64-redhat-linux
Configured with: ../configure --prefix=/usr --mandir=/usr/share/man --infodir=/usr/share/info --with-bugurl=http://bugzilla.redhat.com/bugzilla --enable-bootstrap --enable-shared --enable-threads=posix --enable-checking=release --with-system-zlib --enable-__cxa_atexit --disable-libunwind-exceptions --enable-gnu-unique-object --enable-linker-build-id --with-linker-hash-style=gnu --enable-languages=c,c++,objc,obj-c++,java,fortran,ada,go,lto --enable-plugin --enable-initfini-array --disable-libgcj --with-isl=/builddir/build/BUILD/gcc-4.8.5-20150702/obj-x86_64-redhat-linux/isl-install --with-cloog=/builddir/build/BUILD/gcc-4.8.5-20150702/obj-x86_64-redhat-linux/cloog-install --enable-gnu-indirect-function --with-tune=generic --with-arch_32=x86-64 --build=x86_64-redhat-linux
Thread model: posix
gcc version 4.8.5 20150623 (Red Hat 4.8.5-11) (GCC) 
COMPILER_PATH=/usr/libexec/gcc/x86_64-redhat-linux/4.8.5/:/usr/libexec/gcc/x86_64-redhat-linux/4.8.5/:/usr/libexec/gcc/x86_64-redhat-linux/:/usr/lib/gcc/x86_64-redhat-linux/4.8.5/:/usr/lib/gcc/x86_64-redhat-linux/
LIBRARY_PATH=/usr/lib/gcc/x86_64-redhat-linux/4.8.5/:/usr/lib/gcc/x86_64-redhat-linux/4.8.5/../../../../lib64/:/lib/../lib64/:/usr/lib/../lib64/:/usr/lib/gcc/x86_64-redhat-linux/4.8.5/../../../:/lib/:/usr/lib/
COLLECT_GCC_OPTIONS='-v' '-rdynamic' '-o' 'cmTC_a9d02' '-shared-libgcc' '-mtune=generic' '-march=x86-64'
 /usr/libexec/gcc/x86_64-redhat-linux/4.8.5/collect2 --build-id --no-add-needed --eh-frame-hdr --hash-style=gnu -m elf_x86_64 -export-dynamic -dynamic-linker /lib64/ld-linux-x86-64.so.2 -o cmTC_a9d02 /usr/lib/gcc/x86_64-redhat-linux/4.8.5/../../../../lib64/crt1.o /usr/lib/gcc/x86_64-redhat-linux/4.8.5/../../../../lib64/crti.o /usr/lib/gcc/x86_64-redhat-linux/4.8.5/crtbegin.o -L/usr/lib/gcc/x86_64-redhat-linux/4.8.5 -L/usr/lib/gcc/x86_64-redhat-linux/4.8.5/../../../../lib64 -L/lib/../lib64 -L/usr/lib/../lib64 -L/usr/lib/gcc/x86_64-redhat-linux/4.8.5/../../.. CMakeFiles/cmTC_a9d02.dir/CMakeCXXCompilerABI.cpp.o -lstdc++ -lm -lgcc_s -lgcc -lc -lgcc_s -lgcc /usr/lib/gcc/x86_64-redhat-linux/4.8.5/crtend.o /usr/lib/gcc/x86_64-redhat-linux/4.8.5/../../../../lib64/crtn.o
gmake[4]: Leaving directory `/home/cmartin/dev/third_party/rez-packages/yaml_cpp/0.5.3/build/platform-linux/arch-x86_64/os-CentOS-7/yaml_cpp/src/yaml_cpp/CMakeFiles/CMakeTmp'
gmake[3]: Leaving directory `/home/cmartin/dev/third_party/rez-packages/yaml_cpp/0.5.3/build/platform-linux/arch-x86_64/os-CentOS-7/yaml_cpp/src/yaml_cpp/CMakeFiles/CMakeTmp'


Parsed CXX implicit link information from above output:
  link line regex: [^( *|.*[/\])(ld|CMAKE_LINK_STARTFILE-NOTFOUND|([^/\]+-)?ld|collect2)[^/\]*( |$)]
  ignore line: [Change Dir: /home/cmartin/dev/third_party/rez-packages/yaml_cpp/0.5.3/build/platform-linux/arch-x86_64/os-CentOS-7/yaml_cpp/src/yaml_cpp/CMakeFiles/CMakeTmp]
  ignore line: []
  ignore line: [Run Build Command:"/usr/bin/gmake" "cmTC_a9d02/fast"]
  ignore line: [gmake[3]: Entering directory `/home/cmartin/dev/third_party/rez-packages/yaml_cpp/0.5.3/build/platform-linux/arch-x86_64/os-CentOS-7/yaml_cpp/src/yaml_cpp/CMakeFiles/CMakeTmp']
  ignore line: [/usr/bin/gmake -f CMakeFiles/cmTC_a9d02.dir/build.make CMakeFiles/cmTC_a9d02.dir/build]
  ignore line: [gmake[4]: Entering directory `/home/cmartin/dev/third_party/rez-packages/yaml_cpp/0.5.3/build/platform-linux/arch-x86_64/os-CentOS-7/yaml_cpp/src/yaml_cpp/CMakeFiles/CMakeTmp']
  ignore line: [Building CXX object CMakeFiles/cmTC_a9d02.dir/CMakeCXXCompilerABI.cpp.o]
  ignore line: [/usr/bin/g++     -o CMakeFiles/cmTC_a9d02.dir/CMakeCXXCompilerABI.cpp.o -c /home/cmartin/packages/cmake/3.10.0/platform-linux/arch-x86_64/os-CentOS-7/share/cmake-3.10/Modules/CMakeCXXCompilerABI.cpp]
  ignore line: [Linking CXX executable cmTC_a9d02]
  ignore line: [/home/cmartin/packages/cmake/3.10.0/platform-linux/arch-x86_64/os-CentOS-7/bin/cmake -E cmake_link_script CMakeFiles/cmTC_a9d02.dir/link.txt --verbose=1]
  ignore line: [/usr/bin/g++      -v -rdynamic CMakeFiles/cmTC_a9d02.dir/CMakeCXXCompilerABI.cpp.o  -o cmTC_a9d02 ]
  ignore line: [Using built-in specs.]
  ignore line: [COLLECT_GCC=/usr/bin/g++]
  ignore line: [COLLECT_LTO_WRAPPER=/usr/libexec/gcc/x86_64-redhat-linux/4.8.5/lto-wrapper]
  ignore line: [Target: x86_64-redhat-linux]
  ignore line: [Configured with: ../configure --prefix=/usr --mandir=/usr/share/man --infodir=/usr/share/info --with-bugurl=http://bugzilla.redhat.com/bugzilla --enable-bootstrap --enable-shared --enable-threads=posix --enable-checking=release --with-system-zlib --enable-__cxa_atexit --disable-libunwind-exceptions --enable-gnu-unique-object --enable-linker-build-id --with-linker-hash-style=gnu --enable-languages=c,c++,objc,obj-c++,java,fortran,ada,go,lto --enable-plugin --enable-initfini-array --disable-libgcj --with-isl=/builddir/build/BUILD/gcc-4.8.5-20150702/obj-x86_64-redhat-linux/isl-install --with-cloog=/builddir/build/BUILD/gcc-4.8.5-20150702/obj-x86_64-redhat-linux/cloog-install --enable-gnu-indirect-function --with-tune=generic --with-arch_32=x86-64 --build=x86_64-redhat-linux]
  ignore line: [Thread model: posix]
  ignore line: [gcc version 4.8.5 20150623 (Red Hat 4.8.5-11) (GCC) ]
  ignore line: [COMPILER_PATH=/usr/libexec/gcc/x86_64-redhat-linux/4.8.5/:/usr/libexec/gcc/x86_64-redhat-linux/4.8.5/:/usr/libexec/gcc/x86_64-redhat-linux/:/usr/lib/gcc/x86_64-redhat-linux/4.8.5/:/usr/lib/gcc/x86_64-redhat-linux/]
  ignore line: [LIBRARY_PATH=/usr/lib/gcc/x86_64-redhat-linux/4.8.5/:/usr/lib/gcc/x86_64-redhat-linux/4.8.5/../../../../lib64/:/lib/../lib64/:/usr/lib/../lib64/:/usr/lib/gcc/x86_64-redhat-linux/4.8.5/../../../:/lib/:/usr/lib/]
  ignore line: [COLLECT_GCC_OPTIONS='-v' '-rdynamic' '-o' 'cmTC_a9d02' '-shared-libgcc' '-mtune=generic' '-march=x86-64']
  link line: [ /usr/libexec/gcc/x86_64-redhat-linux/4.8.5/collect2 --build-id --no-add-needed --eh-frame-hdr --hash-style=gnu -m elf_x86_64 -export-dynamic -dynamic-linker /lib64/ld-linux-x86-64.so.2 -o cmTC_a9d02 /usr/lib/gcc/x86_64-redhat-linux/4.8.5/../../../../lib64/crt1.o /usr/lib/gcc/x86_64-redhat-linux/4.8.5/../../../../lib64/crti.o /usr/lib/gcc/x86_64-redhat-linux/4.8.5/crtbegin.o -L/usr/lib/gcc/x86_64-redhat-linux/4.8.5 -L/usr/lib/gcc/x86_64-redhat-linux/4.8.5/../../../../lib64 -L/lib/../lib64 -L/usr/lib/../lib64 -L/usr/lib/gcc/x86_64-redhat-linux/4.8.5/../../.. CMakeFiles/cmTC_a9d02.dir/CMakeCXXCompilerABI.cpp.o -lstdc++ -lm -lgcc_s -lgcc -lc -lgcc_s -lgcc /usr/lib/gcc/x86_64-redhat-linux/4.8.5/crtend.o /usr/lib/gcc/x86_64-redhat-linux/4.8.5/../../../../lib64/crtn.o]
    arg [/usr/libexec/gcc/x86_64-redhat-linux/4.8.5/collect2] ==> ignore
    arg [--build-id] ==> ignore
    arg [--no-add-needed] ==> ignore
    arg [--eh-frame-hdr] ==> ignore
    arg [--hash-style=gnu] ==> ignore
    arg [-m] ==> ignore
    arg [elf_x86_64] ==> ignore
    arg [-export-dynamic] ==> ignore
    arg [-dynamic-linker] ==> ignore
    arg [/lib64/ld-linux-x86-64.so.2] ==> ignore
    arg [-o] ==> ignore
    arg [cmTC_a9d02] ==> ignore
    arg [/usr/lib/gcc/x86_64-redhat-linux/4.8.5/../../../../lib64/crt1.o] ==> ignore
    arg [/usr/lib/gcc/x86_64-redhat-linux/4.8.5/../../../../lib64/crti.o] ==> ignore
    arg [/usr/lib/gcc/x86_64-redhat-linux/4.8.5/crtbegin.o] ==> ignore
    arg [-L/usr/lib/gcc/x86_64-redhat-linux/4.8.5] ==> dir [/usr/lib/gcc/x86_64-redhat-linux/4.8.5]
    arg [-L/usr/lib/gcc/x86_64-redhat-linux/4.8.5/../../../../lib64] ==> dir [/usr/lib/gcc/x86_64-redhat-linux/4.8.5/../../../../lib64]
    arg [-L/lib/../lib64] ==> dir [/lib/../lib64]
    arg [-L/usr/lib/../lib64] ==> dir [/usr/lib/../lib64]
    arg [-L/usr/lib/gcc/x86_64-redhat-linux/4.8.5/../../..] ==> dir [/usr/lib/gcc/x86_64-redhat-linux/4.8.5/../../..]
    arg [CMakeFiles/cmTC_a9d02.dir/CMakeCXXCompilerABI.cpp.o] ==> ignore
    arg [-lstdc++] ==> lib [stdc++]
    arg [-lm] ==> lib [m]
    arg [-lgcc_s] ==> lib [gcc_s]
    arg [-lgcc] ==> lib [gcc]
    arg [-lc] ==> lib [c]
    arg [-lgcc_s] ==> lib [gcc_s]
    arg [-lgcc] ==> lib [gcc]
    arg [/usr/lib/gcc/x86_64-redhat-linux/4.8.5/crtend.o] ==> ignore
    arg [/usr/lib/gcc/x86_64-redhat-linux/4.8.5/../../../../lib64/crtn.o] ==> ignore
  collapse library dir [/usr/lib/gcc/x86_64-redhat-linux/4.8.5] ==> [/usr/lib/gcc/x86_64-redhat-linux/4.8.5]
  collapse library dir [/usr/lib/gcc/x86_64-redhat-linux/4.8.5/../../../../lib64] ==> [/usr/lib64]
  collapse library dir [/lib/../lib64] ==> [/lib64]
  collapse library dir [/usr/lib/../lib64] ==> [/usr/lib64]
  collapse library dir [/usr/lib/gcc/x86_64-redhat-linux/4.8.5/../../..] ==> [/usr/lib]
  implicit libs: [stdc++;m;gcc_s;gcc;c;gcc_s;gcc]
  implicit dirs: [/usr/lib/gcc/x86_64-redhat-linux/4.8.5;/usr/lib64;/lib64;/usr/lib]
  implicit fwks: []




Detecting CXX [-std=c++1y] compiler features compiled with the following output:
Change Dir: /home/cmartin/dev/third_party/rez-packages/yaml_cpp/0.5.3/build/platform-linux/arch-x86_64/os-CentOS-7/yaml_cpp/src/yaml_cpp/CMakeFiles/CMakeTmp

Run Build Command:"/usr/bin/gmake" "cmTC_90f1d/fast"
gmake[3]: Entering directory `/home/cmartin/dev/third_party/rez-packages/yaml_cpp/0.5.3/build/platform-linux/arch-x86_64/os-CentOS-7/yaml_cpp/src/yaml_cpp/CMakeFiles/CMakeTmp'
/usr/bin/gmake -f CMakeFiles/cmTC_90f1d.dir/build.make CMakeFiles/cmTC_90f1d.dir/build
gmake[4]: Entering directory `/home/cmartin/dev/third_party/rez-packages/yaml_cpp/0.5.3/build/platform-linux/arch-x86_64/os-CentOS-7/yaml_cpp/src/yaml_cpp/CMakeFiles/CMakeTmp'
Building CXX object CMakeFiles/cmTC_90f1d.dir/feature_tests.cxx.o
/usr/bin/g++    -std=c++1y -o CMakeFiles/cmTC_90f1d.dir/feature_tests.cxx.o -c /home/cmartin/dev/third_party/rez-packages/yaml_cpp/0.5.3/build/platform-linux/arch-x86_64/os-CentOS-7/yaml_cpp/src/yaml_cpp/CMakeFiles/feature_tests.cxx
Linking CXX executable cmTC_90f1d
/home/cmartin/packages/cmake/3.10.0/platform-linux/arch-x86_64/os-CentOS-7/bin/cmake -E cmake_link_script CMakeFiles/cmTC_90f1d.dir/link.txt --verbose=1
/usr/bin/g++       -rdynamic CMakeFiles/cmTC_90f1d.dir/feature_tests.cxx.o  -o cmTC_90f1d 
gmake[4]: Leaving directory `/home/cmartin/dev/third_party/rez-packages/yaml_cpp/0.5.3/build/platform-linux/arch-x86_64/os-CentOS-7/yaml_cpp/src/yaml_cpp/CMakeFiles/CMakeTmp'
gmake[3]: Leaving directory `/home/cmartin/dev/third_party/rez-packages/yaml_cpp/0.5.3/build/platform-linux/arch-x86_64/os-CentOS-7/yaml_cpp/src/yaml_cpp/CMakeFiles/CMakeTmp'


    Feature record: CXX_FEATURE:0cxx_aggregate_default_initializers
    Feature record: CXX_FEATURE:1cxx_alias_templates
    Feature record: CXX_FEATURE:1cxx_alignas
    Feature record: CXX_FEATURE:1cxx_alignof
    Feature record: CXX_FEATURE:1cxx_attributes
    Feature record: CXX_FEATURE:0cxx_attribute_deprecated
    Feature record: CXX_FEATURE:1cxx_auto_type
    Feature record: CXX_FEATURE:0cxx_binary_literals
    Feature record: CXX_FEATURE:1cxx_constexpr
    Feature record: CXX_FEATURE:0cxx_contextual_conversions
    Feature record: CXX_FEATURE:1cxx_decltype
    Feature record: CXX_FEATURE:0cxx_decltype_auto
    Feature record: CXX_FEATURE:1cxx_decltype_incomplete_return_types
    Feature record: CXX_FEATURE:1cxx_default_function_template_args
    Feature record: CXX_FEATURE:1cxx_defaulted_functions
    Feature record: CXX_FEATURE:1cxx_defaulted_move_initializers
    Feature record: CXX_FEATURE:1cxx_delegating_constructors
    Feature record: CXX_FEATURE:1cxx_deleted_functions
    Feature record: CXX_FEATURE:0cxx_digit_separators
    Feature record: CXX_FEATURE:1cxx_enum_forward_declarations
    Feature record: CXX_FEATURE:1cxx_explicit_conversions
    Feature record: CXX_FEATURE:1cxx_extended_friend_declarations
    Feature record: CXX_FEATURE:1cxx_extern_templates
    Feature record: CXX_FEATURE:1cxx_final
    Feature record: CXX_FEATURE:1cxx_func_identifier
    Feature record: CXX_FEATURE:1cxx_generalized_initializers
    Feature record: CXX_FEATURE:0cxx_generic_lambdas
    Feature record: CXX_FEATURE:1cxx_inheriting_constructors
    Feature record: CXX_FEATURE:1cxx_inline_namespaces
    Feature record: CXX_FEATURE:1cxx_lambdas
    Feature record: CXX_FEATURE:0cxx_lambda_init_captures
    Feature record: CXX_FEATURE:1cxx_local_type_template_args
    Feature record: CXX_FEATURE:1cxx_long_long_type
    Feature record: CXX_FEATURE:1cxx_noexcept
    Feature record: CXX_FEATURE:1cxx_nonstatic_member_init
    Feature record: CXX_FEATURE:1cxx_nullptr
    Feature record: CXX_FEATURE:1cxx_override
    Feature record: CXX_FEATURE:1cxx_range_for
    Feature record: CXX_FEATURE:1cxx_raw_string_literals
    Feature record: CXX_FEATURE:1cxx_reference_qualified_functions
    Feature record: CXX_FEATURE:0cxx_relaxed_constexpr
    Feature record: CXX_FEATURE:0cxx_return_type_deduction
    Feature record: CXX_FEATURE:1cxx_right_angle_brackets
    Feature record: CXX_FEATURE:1cxx_rvalue_references
    Feature record: CXX_FEATURE:1cxx_sizeof_member
    Feature record: CXX_FEATURE:1cxx_static_assert
    Feature record: CXX_FEATURE:1cxx_strong_enums
    Feature record: CXX_FEATURE:1cxx_template_template_parameters
    Feature record: CXX_FEATURE:1cxx_thread_local
    Feature record: CXX_FEATURE:1cxx_trailing_return_types
    Feature record: CXX_FEATURE:1cxx_unicode_literals
    Feature record: CXX_FEATURE:1cxx_uniform_initialization
    Feature record: CXX_FEATURE:1cxx_unrestricted_unions
    Feature record: CXX_FEATURE:1cxx_user_literals
    Feature record: CXX_FEATURE:0cxx_variable_templates
    Feature record: CXX_FEATURE:1cxx_variadic_macros
    Feature record: CXX_FEATURE:1cxx_variadic_templates


Detecting CXX [-std=c++11] compiler features compiled with the following output:
Change Dir: /home/cmartin/dev/third_party/rez-packages/yaml_cpp/0.5.3/build/platform-linux/arch-x86_64/os-CentOS-7/yaml_cpp/src/yaml_cpp/CMakeFiles/CMakeTmp

Run Build Command:"/usr/bin/gmake" "cmTC_d616d/fast"
gmake[3]: Entering directory `/home/cmartin/dev/third_party/rez-packages/yaml_cpp/0.5.3/build/platform-linux/arch-x86_64/os-CentOS-7/yaml_cpp/src/yaml_cpp/CMakeFiles/CMakeTmp'
/usr/bin/gmake -f CMakeFiles/cmTC_d616d.dir/build.make CMakeFiles/cmTC_d616d.dir/build
gmake[4]: Entering directory `/home/cmartin/dev/third_party/rez-packages/yaml_cpp/0.5.3/build/platform-linux/arch-x86_64/os-CentOS-7/yaml_cpp/src/yaml_cpp/CMakeFiles/CMakeTmp'
Building CXX object CMakeFiles/cmTC_d616d.dir/feature_tests.cxx.o
/usr/bin/g++    -std=c++11 -o CMakeFiles/cmTC_d616d.dir/feature_tests.cxx.o -c /home/cmartin/dev/third_party/rez-packages/yaml_cpp/0.5.3/build/platform-linux/arch-x86_64/os-CentOS-7/yaml_cpp/src/yaml_cpp/CMakeFiles/feature_tests.cxx
Linking CXX executable cmTC_d616d
/home/cmartin/packages/cmake/3.10.0/platform-linux/arch-x86_64/os-CentOS-7/bin/cmake -E cmake_link_script CMakeFiles/cmTC_d616d.dir/link.txt --verbose=1
/usr/bin/g++       -rdynamic CMakeFiles/cmTC_d616d.dir/feature_tests.cxx.o  -o cmTC_d616d 
gmake[4]: Leaving directory `/home/cmartin/dev/third_party/rez-packages/yaml_cpp/0.5.3/build/platform-linux/arch-x86_64/os-CentOS-7/yaml_cpp/src/yaml_cpp/CMakeFiles/CMakeTmp'
gmake[3]: Leaving directory `/home/cmartin/dev/third_party/rez-packages/yaml_cpp/0.5.3/build/platform-linux/arch-x86_64/os-CentOS-7/yaml_cpp/src/yaml_cpp/CMakeFiles/CMakeTmp'


    Feature record: CXX_FEATURE:0cxx_aggregate_default_initializers
    Feature record: CXX_FEATURE:1cxx_alias_templates
    Feature record: CXX_FEATURE:1cxx_alignas
    Feature record: CXX_FEATURE:1cxx_alignof
    Feature record: CXX_FEATURE:1cxx_attributes
    Feature record: CXX_FEATURE:0cxx_attribute_deprecated
    Feature record: CXX_FEATURE:1cxx_auto_type
    Feature record: CXX_FEATURE:0cxx_binary_literals
    Feature record: CXX_FEATURE:1cxx_constexpr
    Feature record: CXX_FEATURE:0cxx_contextual_conversions
    Feature record: CXX_FEATURE:1cxx_decltype
    Feature record: CXX_FEATURE:0cxx_decltype_auto
    Feature record: CXX_FEATURE:1cxx_decltype_incomplete_return_types
    Feature record: CXX_FEATURE:1cxx_default_function_template_args
    Feature record: CXX_FEATURE:1cxx_defaulted_functions
    Feature record: CXX_FEATURE:1cxx_defaulted_move_initializers
    Feature record: CXX_FEATURE:1cxx_delegating_constructors
    Feature record: CXX_FEATURE:1cxx_deleted_functions
    Feature record: CXX_FEATURE:0cxx_digit_separators
    Feature record: CXX_FEATURE:1cxx_enum_forward_declarations
    Feature record: CXX_FEATURE:1cxx_explicit_conversions
    Feature record: CXX_FEATURE:1cxx_extended_friend_declarations
    Feature record: CXX_FEATURE:1cxx_extern_templates
    Feature record: CXX_FEATURE:1cxx_final
    Feature record: CXX_FEATURE:1cxx_func_identifier
    Feature record: CXX_FEATURE:1cxx_generalized_initializers
    Feature record: CXX_FEATURE:0cxx_generic_lambdas
    Feature record: CXX_FEATURE:1cxx_inheriting_constructors
    Feature record: CXX_FEATURE:1cxx_inline_namespaces
    Feature record: CXX_FEATURE:1cxx_lambdas
    Feature record: CXX_FEATURE:0cxx_lambda_init_captures
    Feature record: CXX_FEATURE:1cxx_local_type_template_args
    Feature record: CXX_FEATURE:1cxx_long_long_type
    Feature record: CXX_FEATURE:1cxx_noexcept
    Feature record: CXX_FEATURE:1cxx_nonstatic_member_init
    Feature record: CXX_FEATURE:1cxx_nullptr
    Feature record: CXX_FEATURE:1cxx_override
    Feature record: CXX_FEATURE:1cxx_range_for
    Feature record: CXX_FEATURE:1cxx_raw_string_literals
    Feature record: CXX_FEATURE:1cxx_reference_qualified_functions
    Feature record: CXX_FEATURE:0cxx_relaxed_constexpr
    Feature record: CXX_FEATURE:0cxx_return_type_deduction
    Feature record: CXX_FEATURE:1cxx_right_angle_brackets
    Feature record: CXX_FEATURE:1cxx_rvalue_references
    Feature record: CXX_FEATURE:1cxx_sizeof_member
    Feature record: CXX_FEATURE:1cxx_static_assert
    Feature record: CXX_FEATURE:1cxx_strong_enums
    Feature record: CXX_FEATURE:1cxx_template_template_parameters
    Feature record: CXX_FEATURE:1cxx_thread_local
    Feature record: CXX_FEATURE:1cxx_trailing_return_types
    Feature record: CXX_FEATURE:1cxx_unicode_literals
    Feature record: CXX_FEATURE:1cxx_uniform_initialization
    Feature record: CXX_FEATURE:1cxx_unrestricted_unions
    Feature record: CXX_FEATURE:1cxx_user_literals
    Feature record: CXX_FEATURE:0cxx_variable_templates
    Feature record: CXX_FEATURE:1cxx_variadic_macros
    Feature record: CXX_FEATURE:1cxx_variadic_templates


Detecting CXX [-std=c++98] compiler features compiled with the following output:
Change Dir: /home/cmartin/dev/third_party/rez-packages/yaml_cpp/0.5.3/build/platform-linux/arch-x86_64/os-CentOS-7/yaml_cpp/src/yaml_cpp/CMakeFiles/CMakeTmp

Run Build Command:"/usr/bin/gmake" "cmTC_c3841/fast"
gmake[3]: Entering directory `/home/cmartin/dev/third_party/rez-packages/yaml_cpp/0.5.3/build/platform-linux/arch-x86_64/os-CentOS-7/yaml_cpp/src/yaml_cpp/CMakeFiles/CMakeTmp'
/usr/bin/gmake -f CMakeFiles/cmTC_c3841.dir/build.make CMakeFiles/cmTC_c3841.dir/build
gmake[4]: Entering directory `/home/cmartin/dev/third_party/rez-packages/yaml_cpp/0.5.3/build/platform-linux/arch-x86_64/os-CentOS-7/yaml_cpp/src/yaml_cpp/CMakeFiles/CMakeTmp'
Building CXX object CMakeFiles/cmTC_c3841.dir/feature_tests.cxx.o
/usr/bin/g++    -std=c++98 -o CMakeFiles/cmTC_c3841.dir/feature_tests.cxx.o -c /home/cmartin/dev/third_party/rez-packages/yaml_cpp/0.5.3/build/platform-linux/arch-x86_64/os-CentOS-7/yaml_cpp/src/yaml_cpp/CMakeFiles/feature_tests.cxx
Linking CXX executable cmTC_c3841
/home/cmartin/packages/cmake/3.10.0/platform-linux/arch-x86_64/os-CentOS-7/bin/cmake -E cmake_link_script CMakeFiles/cmTC_c3841.dir/link.txt --verbose=1
/usr/bin/g++       -rdynamic CMakeFiles/cmTC_c3841.dir/feature_tests.cxx.o  -o cmTC_c3841 
gmake[4]: Leaving directory `/home/cmartin/dev/third_party/rez-packages/yaml_cpp/0.5.3/build/platform-linux/arch-x86_64/os-CentOS-7/yaml_cpp/src/yaml_cpp/CMakeFiles/CMakeTmp'
gmake[3]: Leaving directory `/home/cmartin/dev/third_party/rez-packages/yaml_cpp/0.5.3/build/platform-linux/arch-x86_64/os-CentOS-7/yaml_cpp/src/yaml_cpp/CMakeFiles/CMakeTmp'


    Feature record: CXX_FEATURE:0cxx_aggregate_default_initializers
    Feature record: CXX_FEATURE:0cxx_alias_templates
    Feature record: CXX_FEATURE:0cxx_alignas
    Feature record: CXX_FEATURE:0cxx_alignof
    Feature record: CXX_FEATURE:0cxx_attributes
    Feature record: CXX_FEATURE:0cxx_attribute_deprecated
    Feature record: CXX_FEATURE:0cxx_auto_type
    Feature record: CXX_FEATURE:0cxx_binary_literals
    Feature record: CXX_FEATURE:0cxx_constexpr
    Feature record: CXX_FEATURE:0cxx_contextual_conversions
    Feature record: CXX_FEATURE:0cxx_decltype
    Feature record: CXX_FEATURE:0cxx_decltype_auto
    Feature record: CXX_FEATURE:0cxx_decltype_incomplete_return_types
    Feature record: CXX_FEATURE:0cxx_default_function_template_args
    Feature record: CXX_FEATURE:0cxx_defaulted_functions
    Feature record: CXX_FEATURE:0cxx_defaulted_move_initializers
    Feature record: CXX_FEATURE:0cxx_delegating_constructors
    Feature record: CXX_FEATURE:0cxx_deleted_functions
    Feature record: CXX_FEATURE:0cxx_digit_separators
    Feature record: CXX_FEATURE:0cxx_enum_forward_declarations
    Feature record: CXX_FEATURE:0cxx_explicit_conversions
    Feature record: CXX_FEATURE:0cxx_extended_friend_declarations
    Feature record: CXX_FEATURE:0cxx_extern_templates
    Feature record: CXX_FEATURE:0cxx_final
    Feature record: CXX_FEATURE:0cxx_func_identifier
    Feature record: CXX_FEATURE:0cxx_generalized_initializers
    Feature record: CXX_FEATURE:0cxx_generic_lambdas
    Feature record: CXX_FEATURE:0cxx_inheriting_constructors
    Feature record: CXX_FEATURE:0cxx_inline_namespaces
    Feature record: CXX_FEATURE:0cxx_lambdas
    Feature record: CXX_FEATURE:0cxx_lambda_init_captures
    Feature record: CXX_FEATURE:0cxx_local_type_template_args
    Feature record: CXX_FEATURE:0cxx_long_long_type
    Feature record: CXX_FEATURE:0cxx_noexcept
    Feature record: CXX_FEATURE:0cxx_nonstatic_member_init
    Feature record: CXX_FEATURE:0cxx_nullptr
    Feature record: CXX_FEATURE:0cxx_override
    Feature record: CXX_FEATURE:0cxx_range_for
    Feature record: CXX_FEATURE:0cxx_raw_string_literals
    Feature record: CXX_FEATURE:0cxx_reference_qualified_functions
    Feature record: CXX_FEATURE:0cxx_relaxed_constexpr
    Feature record: CXX_FEATURE:0cxx_return_type_deduction
    Feature record: CXX_FEATURE:0cxx_right_angle_brackets
    Feature record: CXX_FEATURE:0cxx_rvalue_references
    Feature record: CXX_FEATURE:0cxx_sizeof_member
    Feature record: CXX_FEATURE:0cxx_static_assert
    Feature record: CXX_FEATURE:0cxx_strong_enums
    Feature record: CXX_FEATURE:1cxx_template_template_parameters
    Feature record: CXX_FEATURE:0cxx_thread_local
    Feature record: CXX_FEATURE:0cxx_trailing_return_types
    Feature record: CXX_FEATURE:0cxx_unicode_literals
    Feature record: CXX_FEATURE:0cxx_uniform_initialization
    Feature record: CXX_FEATURE:0cxx_unrestricted_unions
    Feature record: CXX_FEATURE:0cxx_user_literals
    Feature record: CXX_FEATURE:0cxx_variable_templates
    Feature record: CXX_FEATURE:0cxx_variadic_macros
    Feature record: CXX_FEATURE:0cxx_variadic_templates
Performing C++ SOURCE FILE Test FLAG_WEXTRA succeeded with the following output:
Change Dir: /home/cmartin/dev/third_party/rez-packages/yaml_cpp/0.5.3/build/platform-linux/arch-x86_64/os-CentOS-7/yaml_cpp/src/yaml_cpp/CMakeFiles/CMakeTmp

Run Build Command:"/usr/bin/gmake" "cmTC_27b82/fast"
gmake[3]: Entering directory `/home/cmartin/dev/third_party/rez-packages/yaml_cpp/0.5.3/build/platform-linux/arch-x86_64/os-CentOS-7/yaml_cpp/src/yaml_cpp/CMakeFiles/CMakeTmp'
/usr/bin/gmake -f CMakeFiles/cmTC_27b82.dir/build.make CMakeFiles/cmTC_27b82.dir/build
gmake[4]: Entering directory `/home/cmartin/dev/third_party/rez-packages/yaml_cpp/0.5.3/build/platform-linux/arch-x86_64/os-CentOS-7/yaml_cpp/src/yaml_cpp/CMakeFiles/CMakeTmp'
Building CXX object CMakeFiles/cmTC_27b82.dir/src.cxx.o
/usr/bin/g++    -DFLAG_WEXTRA   -Wextra -o CMakeFiles/cmTC_27b82.dir/src.cxx.o -c /home/cmartin/dev/third_party/rez-packages/yaml_cpp/0.5.3/build/platform-linux/arch-x86_64/os-CentOS-7/yaml_cpp/src/yaml_cpp/CMakeFiles/CMakeTmp/src.cxx
Linking CXX executable cmTC_27b82
/home/cmartin/packages/cmake/3.10.0/platform-linux/arch-x86_64/os-CentOS-7/bin/cmake -E cmake_link_script CMakeFiles/cmTC_27b82.dir/link.txt --verbose=1
/usr/bin/g++   -DFLAG_WEXTRA    -rdynamic CMakeFiles/cmTC_27b82.dir/src.cxx.o  -o cmTC_27b82 
gmake[4]: Leaving directory `/home/cmartin/dev/third_party/rez-packages/yaml_cpp/0.5.3/build/platform-linux/arch-x86_64/os-CentOS-7/yaml_cpp/src/yaml_cpp/CMakeFiles/CMakeTmp'
gmake[3]: Leaving directory `/home/cmartin/dev/third_party/rez-packages/yaml_cpp/0.5.3/build/platform-linux/arch-x86_64/os-CentOS-7/yaml_cpp/src/yaml_cpp/CMakeFiles/CMakeTmp'

Source file was:
int main() { return 0; }
Determining if the include file pthread.h exists passed with the following output:
Change Dir: /home/cmartin/dev/third_party/rez-packages/yaml_cpp/0.5.3/build/platform-linux/arch-x86_64/os-CentOS-7/yaml_cpp/src/yaml_cpp/CMakeFiles/CMakeTmp

Run Build Command:"/usr/bin/gmake" "cmTC_51474/fast"
gmake[3]: Entering directory `/home/cmartin/dev/third_party/rez-packages/yaml_cpp/0.5.3/build/platform-linux/arch-x86_64/os-CentOS-7/yaml_cpp/src/yaml_cpp/CMakeFiles/CMakeTmp'
/usr/bin/gmake -f CMakeFiles/cmTC_51474.dir/build.make CMakeFiles/cmTC_51474.dir/build
gmake[4]: Entering directory `/home/cmartin/dev/third_party/rez-packages/yaml_cpp/0.5.3/build/platform-linux/arch-x86_64/os-CentOS-7/yaml_cpp/src/yaml_cpp/CMakeFiles/CMakeTmp'
Building C object CMakeFiles/cmTC_51474.dir/CheckIncludeFile.c.o
/usr/bin/gcc    -o CMakeFiles/cmTC_51474.dir/CheckIncludeFile.c.o   -c /home/cmartin/dev/third_party/rez-packages/yaml_cpp/0.5.3/build/platform-linux/arch-x86_64/os-CentOS-7/yaml_cpp/src/yaml_cpp/CMakeFiles/CMakeTmp/CheckIncludeFile.c
Linking C executable cmTC_51474
/home/cmartin/packages/cmake/3.10.0/platform-linux/arch-x86_64/os-CentOS-7/bin/cmake -E cmake_link_script CMakeFiles/cmTC_51474.dir/link.txt --verbose=1
/usr/bin/gcc      -rdynamic CMakeFiles/cmTC_51474.dir/CheckIncludeFile.c.o  -o cmTC_51474 
gmake[4]: Leaving directory `/home/cmartin/dev/third_party/rez-packages/yaml_cpp/0.5.3/build/platform-linux/arch-x86_64/os-CentOS-7/yaml_cpp/src/yaml_cpp/CMakeFiles/CMakeTmp'
gmake[3]: Leaving directory `/home/cmartin/dev/third_party/rez-packages/yaml_cpp/0.5.3/build/platform-linux/arch-x86_64/os-CentOS-7/yaml_cpp/src/yaml_cpp/CMakeFiles/CMakeTmp'


Determining if the function pthread_create exists in the pthread passed with the following output:
Change Dir: /home/cmartin/dev/third_party/rez-packages/yaml_cpp/0.5.3/build/platform-linux/arch-x86_64/os-CentOS-7/yaml_cpp/src/yaml_cpp/CMakeFiles/CMakeTmp

Run Build Command:"/usr/bin/gmake" "cmTC_dc258/fast"
gmake[3]: Entering directory `/home/cmartin/dev/third_party/rez-packages/yaml_cpp/0.5.3/build/platform-linux/arch-x86_64/os-CentOS-7/yaml_cpp/src/yaml_cpp/CMakeFiles/CMakeTmp'
/usr/bin/gmake -f CMakeFiles/cmTC_dc258.dir/build.make CMakeFiles/cmTC_dc258.dir/build
gmake[4]: Entering directory `/home/cmartin/dev/third_party/rez-packages/yaml_cpp/0.5.3/build/platform-linux/arch-x86_64/os-CentOS-7/yaml_cpp/src/yaml_cpp/CMakeFiles/CMakeTmp'
Building C object CMakeFiles/cmTC_dc258.dir/CheckFunctionExists.c.o
/usr/bin/gcc   -DCHECK_FUNCTION_EXISTS=pthread_create   -o CMakeFiles/cmTC_dc258.dir/CheckFunctionExists.c.o   -c /home/cmartin/packages/cmake/3.10.0/platform-linux/arch-x86_64/os-CentOS-7/share/cmake-3.10/Modules/CheckFunctionExists.c
Linking C executable cmTC_dc258
/home/cmartin/packages/cmake/3.10.0/platform-linux/arch-x86_64/os-CentOS-7/bin/cmake -E cmake_link_script CMakeFiles/cmTC_dc258.dir/link.txt --verbose=1
/usr/bin/gcc  -DCHECK_FUNCTION_EXISTS=pthread_create    -rdynamic CMakeFiles/cmTC_dc258.dir/CheckFunctionExists.c.o  -o cmTC_dc258 -lpthread 
gmake[4]: Leaving directory `/home/cmartin/dev/third_party/rez-packages/yaml_cpp/0.5.3/build/platform-linux/arch-x86_64/os-CentOS-7/yaml_cpp/src/yaml_cpp/CMakeFiles/CMakeTmp'
gmake[3]: Leaving directory `/home/cmartin/dev/third_party/rez-packages/yaml_cpp/0.5.3/build/platform-linux/arch-x86_64/os-CentOS-7/yaml_cpp/src/yaml_cpp/CMakeFiles/CMakeTmp'


