Determining if the pthread_create exist failed with the following output:
Change Dir: /home/cmartin/dev/third_party/rez-packages/yaml_cpp/0.5.3/build/platform-linux/arch-x86_64/os-CentOS-7/yaml_cpp/src/yaml_cpp/CMakeFiles/CMakeTmp

Run Build Command:"/usr/bin/gmake" "cmTC_aacb1/fast"
gmake[3]: Entering directory `/home/cmartin/dev/third_party/rez-packages/yaml_cpp/0.5.3/build/platform-linux/arch-x86_64/os-CentOS-7/yaml_cpp/src/yaml_cpp/CMakeFiles/CMakeTmp'
/usr/bin/gmake -f CMakeFiles/cmTC_aacb1.dir/build.make CMakeFiles/cmTC_aacb1.dir/build
gmake[4]: Entering directory `/home/cmartin/dev/third_party/rez-packages/yaml_cpp/0.5.3/build/platform-linux/arch-x86_64/os-CentOS-7/yaml_cpp/src/yaml_cpp/CMakeFiles/CMakeTmp'
Building C object CMakeFiles/cmTC_aacb1.dir/CheckSymbolExists.c.o
/usr/bin/gcc    -o CMakeFiles/cmTC_aacb1.dir/CheckSymbolExists.c.o   -c /home/cmartin/dev/third_party/rez-packages/yaml_cpp/0.5.3/build/platform-linux/arch-x86_64/os-CentOS-7/yaml_cpp/src/yaml_cpp/CMakeFiles/CMakeTmp/CheckSymbolExists.c
Linking C executable cmTC_aacb1
/home/cmartin/packages/cmake/3.10.0/platform-linux/arch-x86_64/os-CentOS-7/bin/cmake -E cmake_link_script CMakeFiles/cmTC_aacb1.dir/link.txt --verbose=1
/usr/bin/gcc      -rdynamic CMakeFiles/cmTC_aacb1.dir/CheckSymbolExists.c.o  -o cmTC_aacb1 
CMakeFiles/cmTC_aacb1.dir/CheckSymbolExists.c.o: In function `main':
CheckSymbolExists.c:(.text+0x16): undefined reference to `pthread_create'
collect2: error: ld returned 1 exit status
gmake[4]: *** [cmTC_aacb1] Error 1
gmake[4]: Leaving directory `/home/cmartin/dev/third_party/rez-packages/yaml_cpp/0.5.3/build/platform-linux/arch-x86_64/os-CentOS-7/yaml_cpp/src/yaml_cpp/CMakeFiles/CMakeTmp'
gmake[3]: *** [cmTC_aacb1/fast] Error 2
gmake[3]: Leaving directory `/home/cmartin/dev/third_party/rez-packages/yaml_cpp/0.5.3/build/platform-linux/arch-x86_64/os-CentOS-7/yaml_cpp/src/yaml_cpp/CMakeFiles/CMakeTmp'

File /home/cmartin/dev/third_party/rez-packages/yaml_cpp/0.5.3/build/platform-linux/arch-x86_64/os-CentOS-7/yaml_cpp/src/yaml_cpp/CMakeFiles/CMakeTmp/CheckSymbolExists.c:
/* */
#include <pthread.h>

int main(int argc, char** argv)
{
  (void)argv;
#ifndef pthread_create
  return ((int*)(&pthread_create))[argc];
#else
  (void)argc;
  return 0;
#endif
}

Determining if the function pthread_create exists in the pthreads failed with the following output:
Change Dir: /home/cmartin/dev/third_party/rez-packages/yaml_cpp/0.5.3/build/platform-linux/arch-x86_64/os-CentOS-7/yaml_cpp/src/yaml_cpp/CMakeFiles/CMakeTmp

Run Build Command:"/usr/bin/gmake" "cmTC_29a62/fast"
gmake[3]: Entering directory `/home/cmartin/dev/third_party/rez-packages/yaml_cpp/0.5.3/build/platform-linux/arch-x86_64/os-CentOS-7/yaml_cpp/src/yaml_cpp/CMakeFiles/CMakeTmp'
/usr/bin/gmake -f CMakeFiles/cmTC_29a62.dir/build.make CMakeFiles/cmTC_29a62.dir/build
gmake[4]: Entering directory `/home/cmartin/dev/third_party/rez-packages/yaml_cpp/0.5.3/build/platform-linux/arch-x86_64/os-CentOS-7/yaml_cpp/src/yaml_cpp/CMakeFiles/CMakeTmp'
Building C object CMakeFiles/cmTC_29a62.dir/CheckFunctionExists.c.o
/usr/bin/gcc   -DCHECK_FUNCTION_EXISTS=pthread_create   -o CMakeFiles/cmTC_29a62.dir/CheckFunctionExists.c.o   -c /home/cmartin/packages/cmake/3.10.0/platform-linux/arch-x86_64/os-CentOS-7/share/cmake-3.10/Modules/CheckFunctionExists.c
Linking C executable cmTC_29a62
/home/cmartin/packages/cmake/3.10.0/platform-linux/arch-x86_64/os-CentOS-7/bin/cmake -E cmake_link_script CMakeFiles/cmTC_29a62.dir/link.txt --verbose=1
/usr/bin/gcc  -DCHECK_FUNCTION_EXISTS=pthread_create    -rdynamic CMakeFiles/cmTC_29a62.dir/CheckFunctionExists.c.o  -o cmTC_29a62 -lpthreads 
/usr/bin/ld: cannot find -lpthreads
collect2: error: ld returned 1 exit status
gmake[4]: *** [cmTC_29a62] Error 1
gmake[4]: Leaving directory `/home/cmartin/dev/third_party/rez-packages/yaml_cpp/0.5.3/build/platform-linux/arch-x86_64/os-CentOS-7/yaml_cpp/src/yaml_cpp/CMakeFiles/CMakeTmp'
gmake[3]: *** [cmTC_29a62/fast] Error 2
gmake[3]: Leaving directory `/home/cmartin/dev/third_party/rez-packages/yaml_cpp/0.5.3/build/platform-linux/arch-x86_64/os-CentOS-7/yaml_cpp/src/yaml_cpp/CMakeFiles/CMakeTmp'


